<?xml version="1.0" encoding="UTF-8"?>
<!-- Generated by org.testng.reporters.JUnitReportReporter -->
<testsuite hostname="DESKTOP-V5IV6F1" name="com.testcases.HomePageOrangeTest" tests="1" failures="0" timestamp="7 Jan 2022 17:30:16 GMT" time="29.368" errors="0">
  <testcase name="verifyOrangeHRMHomePage" time="29.368" classname="com.testcases.HomePageOrangeTest"/>
</testsuite> <!-- com.testcases.HomePageOrangeTest -->
