<?xml version="1.0" encoding="UTF-8"?>
<!-- Generated by org.testng.reporters.JUnitReportReporter -->
<testsuite hostname="DESKTOP-V5IV6F1" name="com.testcases.LoginPageOrange" tests="1" failures="0" timestamp="7 Jan 2022 13:48:25 GMT" time="0.309" errors="0">
  <testcase name="verifylogo" time="0.309" classname="com.testcases.LoginPageOrange"/>
</testsuite> <!-- com.testcases.LoginPageOrange -->
