<?xml version="1.0" encoding="UTF-8"?>
<!-- Generated by org.testng.reporters.JUnitReportReporter -->
<testsuite hostname="DESKTOP-V5IV6F1" name="com.testcases.LoginPageOrangeTest" tests="1" failures="0" timestamp="7 Jan 2022 17:30:16 GMT" time="161.597" errors="0">
  <testcase name="verifyOrangeHRMlogo" time="161.597" classname="com.testcases.LoginPageOrangeTest"/>
</testsuite> <!-- com.testcases.LoginPageOrangeTest -->
